<?xml version="1.0" encoding="UTF-8"?>
<testng-results skipped="0" failed="0" ignored="0" total="1" passed="1">
  <reporter-output>
  </reporter-output>
  <suite name="Default suite" duration-ms="63960" started-at="2019-02-10T11:02:53Z" finished-at="2019-02-10T11:03:57Z">
    <groups>
    </groups>
    <test name="Default test" duration-ms="63960" started-at="2019-02-10T11:02:53Z" finished-at="2019-02-10T11:03:57Z">
      <class name="com.papercut.TestCases.VerifyPaperCutLogin">
        <test-method status="PASS" signature="VerifyValidLogin()[pri:0, instance:com.papercut.TestCases.VerifyPaperCutLogin@4f933fd1]" name="VerifyValidLogin" duration-ms="63916" started-at="2019-02-10T11:02:53Z" finished-at="2019-02-10T11:03:57Z">
          <reporter-output>
          </reporter-output>
        </test-method> <!-- VerifyValidLogin -->
      </class> <!-- com.papercut.TestCases.VerifyPaperCutLogin -->
    </test> <!-- Default test -->
  </suite> <!-- Default suite -->
</testng-results>
